<?xml version="1.0" encoding="UTF-8"?>
<!-- Generated by org.testng.reporters.JUnitXMLReporter -->
<testsuite hostname="DESKTOP-13ANVPQ" ignored="0" name="Annotation Test" tests="3" failures="0" timestamp="15 Sep 2020 17:36:12 GMT" time="0.05" errors="0">
  <testcase name="userReg" time="0.008" classname="learningTestNG.Testcase"/>
  <testcase name="userLogin" time="0.002" classname="learningTestNG.Testcase"/>
  <testcase name="userLogout" time="0.001" classname="learningTestNG.Testcase"/>
</testsuite> <!-- Annotation Test -->
