<?xml version="1.0" encoding="UTF-8"?>
<!-- Generated by org.testng.reporters.JUnitXMLReporter -->
<testsuite hostname="DESKTOP-13ANVPQ" ignored="0" name="Failure Test" tests="1" failures="1" timestamp="15 Sep 2020 17:36:12 GMT" time="0.006" errors="0">
  <testcase name="doLogin" time="0.003" classname="learningTestNG.TestFailure">
    <failure type="java.lang.AssertionError" message="Failing Login Test">
      <![CDATA[java.lang.AssertionError: Failing Login Test
at learningTestNG.TestFailure.doLogin(TestFailure.java:12)
... Removed 26 stack frames]]>
    </failure>
  </testcase> <!-- doLogin -->
</testsuite> <!-- Failure Test -->
