<?xml version="1.0" encoding="UTF-8"?>
<!-- Generated by org.testng.reporters.JUnitXMLReporter -->
<testsuite hostname="DESKTOP-13ANVPQ" ignored="0" name="SoftDependany Test" tests="4" failures="1" timestamp="15 Sep 2020 17:36:12 GMT" time="0.016" errors="0">
  <testcase name="userReg" time="0.003" classname="learningTestNG.Testcase3">
    <failure type="java.lang.AssertionError" message="Registration failed">
      <![CDATA[java.lang.AssertionError: Registration failed
at learningTestNG.Testcase3.userReg(Testcase3.java:12)
... Removed 26 stack frames]]>
    </failure>
  </testcase> <!-- userReg -->
  <testcase name="userLogin" time="0.0" classname="learningTestNG.Testcase3">
    <skipped/>
  </testcase> <!-- userLogin -->
  <testcase name="userLogout" time="0.002" classname="learningTestNG.Testcase3"/>
  <testcase name="test3" time="0.002" classname="learningTestNG.Testcase3"/>
</testsuite> <!-- SoftDependany Test -->
