<?xml version="1.0" encoding="UTF-8"?>
<!-- Generated by org.testng.reporters.JUnitXMLReporter -->
<testsuite hostname="DESKTOP-13ANVPQ" ignored="0" name="Regression Test" tests="3" failures="0" timestamp="15 Sep 2020 16:39:55 GMT" time="0.015" errors="0">
  <testcase name="test1" time="0.002" classname="regression.testcase1"/>
  <testcase name="test2" time="0.003" classname="regression.testcase1"/>
  <testcase name="test3" time="0.003" classname="regression.testcase1"/>
</testsuite> <!-- Regression Test -->
